<?xml version="1.0" encoding="UTF-8"?>
<testsuite xmlns:xsi="http://www.w3.org/2001/XMLSchema-instance" xsi:noNamespaceSchemaLocation="https://maven.apache.org/surefire/maven-surefire-plugin/xsd/surefire-test-report.xsd" name="com.example.bestteamproject.CompanyServiceTest" time="2.305" tests="1" errors="0" skipped="0" failures="0">
  <properties>
    <property name="java.specification.version" value="17"/>
    <property name="sun.jnu.encoding" value="UTF-8"/>
    <property name="java.class.path" value="/home/hp/Desktop/Bureau/Formation/Starter/target/test-classes:/home/hp/Desktop/Bureau/Formation/Starter/target/classes:/home/hp/.m2/repository/org/springframework/boot/spring-boot-starter/3.0.7/spring-boot-starter-3.0.7.jar:/home/hp/.m2/repository/org/springframework/boot/spring-boot/3.0.7/spring-boot-3.0.7.jar:/home/hp/.m2/repository/org/springframework/spring-context/6.0.9/spring-context-6.0.9.jar:/home/hp/.m2/repository/org/springframework/boot/spring-boot-autoconfigure/3.0.7/spring-boot-autoconfigure-3.0.7.jar:/home/hp/.m2/repository/org/springframework/boot/spring-boot-starter-logging/3.0.7/spring-boot-starter-logging-3.0.7.jar:/home/hp/.m2/repository/ch/qos/logback/logback-classic/1.4.7/logback-classic-1.4.7.jar:/home/hp/.m2/repository/ch/qos/logback/logback-core/1.4.7/logback-core-1.4.7.jar:/home/hp/.m2/repository/org/apache/logging/log4j/log4j-to-slf4j/2.19.0/log4j-to-slf4j-2.19.0.jar:/home/hp/.m2/repository/org/apache/logging/log4j/log4j-api/2.19.0/log4j-api-2.19.0.jar:/home/hp/.m2/repository/org/slf4j/jul-to-slf4j/2.0.7/jul-to-slf4j-2.0.7.jar:/home/hp/.m2/repository/jakarta/annotation/jakarta.annotation-api/2.1.1/jakarta.annotation-api-2.1.1.jar:/home/hp/.m2/repository/org/springframework/spring-core/6.0.9/spring-core-6.0.9.jar:/home/hp/.m2/repository/org/springframework/spring-jcl/6.0.9/spring-jcl-6.0.9.jar:/home/hp/.m2/repository/org/yaml/snakeyaml/1.33/snakeyaml-1.33.jar:/home/hp/.m2/repository/org/springframework/boot/spring-boot-starter-test/3.0.7/spring-boot-starter-test-3.0.7.jar:/home/hp/.m2/repository/org/springframework/boot/spring-boot-test/3.0.7/spring-boot-test-3.0.7.jar:/home/hp/.m2/repository/org/springframework/boot/spring-boot-test-autoconfigure/3.0.7/spring-boot-test-autoconfigure-3.0.7.jar:/home/hp/.m2/repository/com/jayway/jsonpath/json-path/2.7.0/json-path-2.7.0.jar:/home/hp/.m2/repository/net/minidev/json-smart/2.4.11/json-smart-2.4.11.jar:/home/hp/.m2/repository/net/minidev/accessors-smart/2.4.11/accessors-smart-2.4.11.jar:/home/hp/.m2/repository/org/ow2/asm/asm/9.3/asm-9.3.jar:/home/hp/.m2/repository/org/slf4j/slf4j-api/2.0.7/slf4j-api-2.0.7.jar:/home/hp/.m2/repository/jakarta/xml/bind/jakarta.xml.bind-api/4.0.0/jakarta.xml.bind-api-4.0.0.jar:/home/hp/.m2/repository/jakarta/activation/jakarta.activation-api/2.1.2/jakarta.activation-api-2.1.2.jar:/home/hp/.m2/repository/org/assertj/assertj-core/3.23.1/assertj-core-3.23.1.jar:/home/hp/.m2/repository/net/bytebuddy/byte-buddy/1.12.23/byte-buddy-1.12.23.jar:/home/hp/.m2/repository/org/hamcrest/hamcrest/2.2/hamcrest-2.2.jar:/home/hp/.m2/repository/org/junit/jupiter/junit-jupiter/5.9.3/junit-jupiter-5.9.3.jar:/home/hp/.m2/repository/org/junit/jupiter/junit-jupiter-params/5.9.3/junit-jupiter-params-5.9.3.jar:/home/hp/.m2/repository/org/mockito/mockito-core/4.8.1/mockito-core-4.8.1.jar:/home/hp/.m2/repository/net/bytebuddy/byte-buddy-agent/1.12.23/byte-buddy-agent-1.12.23.jar:/home/hp/.m2/repository/org/objenesis/objenesis/3.2/objenesis-3.2.jar:/home/hp/.m2/repository/org/mockito/mockito-junit-jupiter/4.8.1/mockito-junit-jupiter-4.8.1.jar:/home/hp/.m2/repository/org/skyscreamer/jsonassert/1.5.1/jsonassert-1.5.1.jar:/home/hp/.m2/repository/com/vaadin/external/google/android-json/0.0.20131108.vaadin1/android-json-0.0.20131108.vaadin1.jar:/home/hp/.m2/repository/org/springframework/spring-test/6.0.9/spring-test-6.0.9.jar:/home/hp/.m2/repository/org/xmlunit/xmlunit-core/2.9.1/xmlunit-core-2.9.1.jar:/home/hp/.m2/repository/org/projectlombok/lombok/1.18.24/lombok-1.18.24.jar:/home/hp/.m2/repository/org/springframework/boot/spring-boot-starter-web/3.2.0/spring-boot-starter-web-3.2.0.jar:/home/hp/.m2/repository/org/springframework/boot/spring-boot-starter-json/3.0.7/spring-boot-starter-json-3.0.7.jar:/home/hp/.m2/repository/com/fasterxml/jackson/datatype/jackson-datatype-jdk8/2.14.3/jackson-datatype-jdk8-2.14.3.jar:/home/hp/.m2/repository/com/fasterxml/jackson/datatype/jackson-datatype-jsr310/2.14.3/jackson-datatype-jsr310-2.14.3.jar:/home/hp/.m2/repository/com/fasterxml/jackson/module/jackson-module-parameter-names/2.14.3/jackson-module-parameter-names-2.14.3.jar:/home/hp/.m2/repository/org/springframework/boot/spring-boot-starter-tomcat/3.0.7/spring-boot-starter-tomcat-3.0.7.jar:/home/hp/.m2/repository/org/apache/tomcat/embed/tomcat-embed-core/10.1.8/tomcat-embed-core-10.1.8.jar:/home/hp/.m2/repository/org/apache/tomcat/embed/tomcat-embed-el/10.1.8/tomcat-embed-el-10.1.8.jar:/home/hp/.m2/repository/org/apache/tomcat/embed/tomcat-embed-websocket/10.1.8/tomcat-embed-websocket-10.1.8.jar:/home/hp/.m2/repository/org/springframework/spring-web/6.0.9/spring-web-6.0.9.jar:/home/hp/.m2/repository/org/springframework/spring-beans/6.0.9/spring-beans-6.0.9.jar:/home/hp/.m2/repository/io/micrometer/micrometer-observation/1.10.7/micrometer-observation-1.10.7.jar:/home/hp/.m2/repository/io/micrometer/micrometer-commons/1.10.7/micrometer-commons-1.10.7.jar:/home/hp/.m2/repository/org/springframework/spring-webmvc/6.0.9/spring-webmvc-6.0.9.jar:/home/hp/.m2/repository/org/springframework/spring-expression/6.0.9/spring-expression-6.0.9.jar:/home/hp/.m2/repository/org/postgresql/postgresql/42.7.0/postgresql-42.7.0.jar:/home/hp/.m2/repository/org/checkerframework/checker-qual/3.31.0/checker-qual-3.31.0.jar:/home/hp/.m2/repository/org/springframework/boot/spring-boot-starter-data-jpa/3.1.6/spring-boot-starter-data-jpa-3.1.6.jar:/home/hp/.m2/repository/org/springframework/boot/spring-boot-starter-aop/3.0.7/spring-boot-starter-aop-3.0.7.jar:/home/hp/.m2/repository/org/aspectj/aspectjweaver/1.9.19/aspectjweaver-1.9.19.jar:/home/hp/.m2/repository/org/springframework/boot/spring-boot-starter-jdbc/3.0.7/spring-boot-starter-jdbc-3.0.7.jar:/home/hp/.m2/repository/com/zaxxer/HikariCP/5.0.1/HikariCP-5.0.1.jar:/home/hp/.m2/repository/org/springframework/spring-jdbc/6.0.9/spring-jdbc-6.0.9.jar:/home/hp/.m2/repository/org/hibernate/orm/hibernate-core/6.1.7.Final/hibernate-core-6.1.7.Final.jar:/home/hp/.m2/repository/jakarta/persistence/jakarta.persistence-api/3.1.0/jakarta.persistence-api-3.1.0.jar:/home/hp/.m2/repository/jakarta/transaction/jakarta.transaction-api/2.0.1/jakarta.transaction-api-2.0.1.jar:/home/hp/.m2/repository/org/jboss/logging/jboss-logging/3.5.0.Final/jboss-logging-3.5.0.Final.jar:/home/hp/.m2/repository/org/hibernate/common/hibernate-commons-annotations/6.0.6.Final/hibernate-commons-annotations-6.0.6.Final.jar:/home/hp/.m2/repository/org/jboss/jandex/2.4.2.Final/jandex-2.4.2.Final.jar:/home/hp/.m2/repository/com/fasterxml/classmate/1.5.1/classmate-1.5.1.jar:/home/hp/.m2/repository/org/glassfish/jaxb/jaxb-runtime/4.0.2/jaxb-runtime-4.0.2.jar:/home/hp/.m2/repository/org/glassfish/jaxb/jaxb-core/4.0.2/jaxb-core-4.0.2.jar:/home/hp/.m2/repository/org/eclipse/angus/angus-activation/2.0.0/angus-activation-2.0.0.jar:/home/hp/.m2/repository/org/glassfish/jaxb/txw2/4.0.2/txw2-4.0.2.jar:/home/hp/.m2/repository/com/sun/istack/istack-commons-runtime/4.1.1/istack-commons-runtime-4.1.1.jar:/home/hp/.m2/repository/jakarta/inject/jakarta.inject-api/2.0.0/jakarta.inject-api-2.0.0.jar:/home/hp/.m2/repository/org/antlr/antlr4-runtime/4.10.1/antlr4-runtime-4.10.1.jar:/home/hp/.m2/repository/org/springframework/data/spring-data-jpa/3.0.6/spring-data-jpa-3.0.6.jar:/home/hp/.m2/repository/org/springframework/data/spring-data-commons/3.0.6/spring-data-commons-3.0.6.jar:/home/hp/.m2/repository/org/springframework/spring-orm/6.0.9/spring-orm-6.0.9.jar:/home/hp/.m2/repository/org/springframework/spring-tx/6.0.9/spring-tx-6.0.9.jar:/home/hp/.m2/repository/org/springframework/spring-aspects/6.0.9/spring-aspects-6.0.9.jar:/home/hp/.m2/repository/org/springframework/boot/spring-boot-starter-security/3.1.4/spring-boot-starter-security-3.1.4.jar:/home/hp/.m2/repository/org/springframework/spring-aop/6.0.9/spring-aop-6.0.9.jar:/home/hp/.m2/repository/org/springframework/security/spring-security-config/6.0.3/spring-security-config-6.0.3.jar:/home/hp/.m2/repository/org/springframework/security/spring-security-core/6.0.3/spring-security-core-6.0.3.jar:/home/hp/.m2/repository/org/springframework/security/spring-security-crypto/6.0.3/spring-security-crypto-6.0.3.jar:/home/hp/.m2/repository/org/springframework/security/spring-security-web/6.0.3/spring-security-web-6.0.3.jar:/home/hp/.m2/repository/io/jsonwebtoken/jjwt-api/0.11.5/jjwt-api-0.11.5.jar:/home/hp/.m2/repository/io/jsonwebtoken/jjwt-impl/0.11.5/jjwt-impl-0.11.5.jar:/home/hp/.m2/repository/io/jsonwebtoken/jjwt-jackson/0.11.5/jjwt-jackson-0.11.5.jar:/home/hp/.m2/repository/com/fasterxml/jackson/core/jackson-databind/2.14.3/jackson-databind-2.14.3.jar:/home/hp/.m2/repository/com/fasterxml/jackson/core/jackson-annotations/2.14.3/jackson-annotations-2.14.3.jar:/home/hp/.m2/repository/com/fasterxml/jackson/core/jackson-core/2.14.3/jackson-core-2.14.3.jar:/home/hp/.m2/repository/org/junit/jupiter/junit-jupiter-api/5.9.3/junit-jupiter-api-5.9.3.jar:/home/hp/.m2/repository/org/opentest4j/opentest4j/1.2.0/opentest4j-1.2.0.jar:/home/hp/.m2/repository/org/junit/platform/junit-platform-commons/1.9.3/junit-platform-commons-1.9.3.jar:/home/hp/.m2/repository/org/apiguardian/apiguardian-api/1.1.2/apiguardian-api-1.1.2.jar:/home/hp/.m2/repository/org/junit/jupiter/junit-jupiter-engine/5.9.3/junit-jupiter-engine-5.9.3.jar:/home/hp/.m2/repository/org/junit/platform/junit-platform-engine/1.9.3/junit-platform-engine-1.9.3.jar:"/>
    <property name="java.vm.vendor" value="Private Build"/>
    <property name="sun.arch.data.model" value="64"/>
    <property name="java.vendor.url" value="Unknown"/>
    <property name="os.name" value="Linux"/>
    <property name="java.vm.specification.version" value="17"/>
    <property name="sun.java.launcher" value="SUN_STANDARD"/>
    <property name="user.country" value="US"/>
    <property name="sun.boot.library.path" value="/usr/lib/jvm/java-17-openjdk-amd64/lib"/>
    <property name="sun.java.command" value="/home/hp/Desktop/Bureau/Formation/Starter/target/surefire/surefirebooter15539541686380978614.jar /home/hp/Desktop/Bureau/Formation/Starter/target/surefire 2023-12-28T20-45-30_463-jvmRun1 surefire17590888382527125855tmp surefire_01014975672298788249tmp"/>
    <property name="jdk.debug" value="release"/>
    <property name="surefire.test.class.path" value="/home/hp/Desktop/Bureau/Formation/Starter/target/test-classes:/home/hp/Desktop/Bureau/Formation/Starter/target/classes:/home/hp/.m2/repository/org/springframework/boot/spring-boot-starter/3.0.7/spring-boot-starter-3.0.7.jar:/home/hp/.m2/repository/org/springframework/boot/spring-boot/3.0.7/spring-boot-3.0.7.jar:/home/hp/.m2/repository/org/springframework/spring-context/6.0.9/spring-context-6.0.9.jar:/home/hp/.m2/repository/org/springframework/boot/spring-boot-autoconfigure/3.0.7/spring-boot-autoconfigure-3.0.7.jar:/home/hp/.m2/repository/org/springframework/boot/spring-boot-starter-logging/3.0.7/spring-boot-starter-logging-3.0.7.jar:/home/hp/.m2/repository/ch/qos/logback/logback-classic/1.4.7/logback-classic-1.4.7.jar:/home/hp/.m2/repository/ch/qos/logback/logback-core/1.4.7/logback-core-1.4.7.jar:/home/hp/.m2/repository/org/apache/logging/log4j/log4j-to-slf4j/2.19.0/log4j-to-slf4j-2.19.0.jar:/home/hp/.m2/repository/org/apache/logging/log4j/log4j-api/2.19.0/log4j-api-2.19.0.jar:/home/hp/.m2/repository/org/slf4j/jul-to-slf4j/2.0.7/jul-to-slf4j-2.0.7.jar:/home/hp/.m2/repository/jakarta/annotation/jakarta.annotation-api/2.1.1/jakarta.annotation-api-2.1.1.jar:/home/hp/.m2/repository/org/springframework/spring-core/6.0.9/spring-core-6.0.9.jar:/home/hp/.m2/repository/org/springframework/spring-jcl/6.0.9/spring-jcl-6.0.9.jar:/home/hp/.m2/repository/org/yaml/snakeyaml/1.33/snakeyaml-1.33.jar:/home/hp/.m2/repository/org/springframework/boot/spring-boot-starter-test/3.0.7/spring-boot-starter-test-3.0.7.jar:/home/hp/.m2/repository/org/springframework/boot/spring-boot-test/3.0.7/spring-boot-test-3.0.7.jar:/home/hp/.m2/repository/org/springframework/boot/spring-boot-test-autoconfigure/3.0.7/spring-boot-test-autoconfigure-3.0.7.jar:/home/hp/.m2/repository/com/jayway/jsonpath/json-path/2.7.0/json-path-2.7.0.jar:/home/hp/.m2/repository/net/minidev/json-smart/2.4.11/json-smart-2.4.11.jar:/home/hp/.m2/repository/net/minidev/accessors-smart/2.4.11/accessors-smart-2.4.11.jar:/home/hp/.m2/repository/org/ow2/asm/asm/9.3/asm-9.3.jar:/home/hp/.m2/repository/org/slf4j/slf4j-api/2.0.7/slf4j-api-2.0.7.jar:/home/hp/.m2/repository/jakarta/xml/bind/jakarta.xml.bind-api/4.0.0/jakarta.xml.bind-api-4.0.0.jar:/home/hp/.m2/repository/jakarta/activation/jakarta.activation-api/2.1.2/jakarta.activation-api-2.1.2.jar:/home/hp/.m2/repository/org/assertj/assertj-core/3.23.1/assertj-core-3.23.1.jar:/home/hp/.m2/repository/net/bytebuddy/byte-buddy/1.12.23/byte-buddy-1.12.23.jar:/home/hp/.m2/repository/org/hamcrest/hamcrest/2.2/hamcrest-2.2.jar:/home/hp/.m2/repository/org/junit/jupiter/junit-jupiter/5.9.3/junit-jupiter-5.9.3.jar:/home/hp/.m2/repository/org/junit/jupiter/junit-jupiter-params/5.9.3/junit-jupiter-params-5.9.3.jar:/home/hp/.m2/repository/org/mockito/mockito-core/4.8.1/mockito-core-4.8.1.jar:/home/hp/.m2/repository/net/bytebuddy/byte-buddy-agent/1.12.23/byte-buddy-agent-1.12.23.jar:/home/hp/.m2/repository/org/objenesis/objenesis/3.2/objenesis-3.2.jar:/home/hp/.m2/repository/org/mockito/mockito-junit-jupiter/4.8.1/mockito-junit-jupiter-4.8.1.jar:/home/hp/.m2/repository/org/skyscreamer/jsonassert/1.5.1/jsonassert-1.5.1.jar:/home/hp/.m2/repository/com/vaadin/external/google/android-json/0.0.20131108.vaadin1/android-json-0.0.20131108.vaadin1.jar:/home/hp/.m2/repository/org/springframework/spring-test/6.0.9/spring-test-6.0.9.jar:/home/hp/.m2/repository/org/xmlunit/xmlunit-core/2.9.1/xmlunit-core-2.9.1.jar:/home/hp/.m2/repository/org/projectlombok/lombok/1.18.24/lombok-1.18.24.jar:/home/hp/.m2/repository/org/springframework/boot/spring-boot-starter-web/3.2.0/spring-boot-starter-web-3.2.0.jar:/home/hp/.m2/repository/org/springframework/boot/spring-boot-starter-json/3.0.7/spring-boot-starter-json-3.0.7.jar:/home/hp/.m2/repository/com/fasterxml/jackson/datatype/jackson-datatype-jdk8/2.14.3/jackson-datatype-jdk8-2.14.3.jar:/home/hp/.m2/repository/com/fasterxml/jackson/datatype/jackson-datatype-jsr310/2.14.3/jackson-datatype-jsr310-2.14.3.jar:/home/hp/.m2/repository/com/fasterxml/jackson/module/jackson-module-parameter-names/2.14.3/jackson-module-parameter-names-2.14.3.jar:/home/hp/.m2/repository/org/springframework/boot/spring-boot-starter-tomcat/3.0.7/spring-boot-starter-tomcat-3.0.7.jar:/home/hp/.m2/repository/org/apache/tomcat/embed/tomcat-embed-core/10.1.8/tomcat-embed-core-10.1.8.jar:/home/hp/.m2/repository/org/apache/tomcat/embed/tomcat-embed-el/10.1.8/tomcat-embed-el-10.1.8.jar:/home/hp/.m2/repository/org/apache/tomcat/embed/tomcat-embed-websocket/10.1.8/tomcat-embed-websocket-10.1.8.jar:/home/hp/.m2/repository/org/springframework/spring-web/6.0.9/spring-web-6.0.9.jar:/home/hp/.m2/repository/org/springframework/spring-beans/6.0.9/spring-beans-6.0.9.jar:/home/hp/.m2/repository/io/micrometer/micrometer-observation/1.10.7/micrometer-observation-1.10.7.jar:/home/hp/.m2/repository/io/micrometer/micrometer-commons/1.10.7/micrometer-commons-1.10.7.jar:/home/hp/.m2/repository/org/springframework/spring-webmvc/6.0.9/spring-webmvc-6.0.9.jar:/home/hp/.m2/repository/org/springframework/spring-expression/6.0.9/spring-expression-6.0.9.jar:/home/hp/.m2/repository/org/postgresql/postgresql/42.7.0/postgresql-42.7.0.jar:/home/hp/.m2/repository/org/checkerframework/checker-qual/3.31.0/checker-qual-3.31.0.jar:/home/hp/.m2/repository/org/springframework/boot/spring-boot-starter-data-jpa/3.1.6/spring-boot-starter-data-jpa-3.1.6.jar:/home/hp/.m2/repository/org/springframework/boot/spring-boot-starter-aop/3.0.7/spring-boot-starter-aop-3.0.7.jar:/home/hp/.m2/repository/org/aspectj/aspectjweaver/1.9.19/aspectjweaver-1.9.19.jar:/home/hp/.m2/repository/org/springframework/boot/spring-boot-starter-jdbc/3.0.7/spring-boot-starter-jdbc-3.0.7.jar:/home/hp/.m2/repository/com/zaxxer/HikariCP/5.0.1/HikariCP-5.0.1.jar:/home/hp/.m2/repository/org/springframework/spring-jdbc/6.0.9/spring-jdbc-6.0.9.jar:/home/hp/.m2/repository/org/hibernate/orm/hibernate-core/6.1.7.Final/hibernate-core-6.1.7.Final.jar:/home/hp/.m2/repository/jakarta/persistence/jakarta.persistence-api/3.1.0/jakarta.persistence-api-3.1.0.jar:/home/hp/.m2/repository/jakarta/transaction/jakarta.transaction-api/2.0.1/jakarta.transaction-api-2.0.1.jar:/home/hp/.m2/repository/org/jboss/logging/jboss-logging/3.5.0.Final/jboss-logging-3.5.0.Final.jar:/home/hp/.m2/repository/org/hibernate/common/hibernate-commons-annotations/6.0.6.Final/hibernate-commons-annotations-6.0.6.Final.jar:/home/hp/.m2/repository/org/jboss/jandex/2.4.2.Final/jandex-2.4.2.Final.jar:/home/hp/.m2/repository/com/fasterxml/classmate/1.5.1/classmate-1.5.1.jar:/home/hp/.m2/repository/org/glassfish/jaxb/jaxb-runtime/4.0.2/jaxb-runtime-4.0.2.jar:/home/hp/.m2/repository/org/glassfish/jaxb/jaxb-core/4.0.2/jaxb-core-4.0.2.jar:/home/hp/.m2/repository/org/eclipse/angus/angus-activation/2.0.0/angus-activation-2.0.0.jar:/home/hp/.m2/repository/org/glassfish/jaxb/txw2/4.0.2/txw2-4.0.2.jar:/home/hp/.m2/repository/com/sun/istack/istack-commons-runtime/4.1.1/istack-commons-runtime-4.1.1.jar:/home/hp/.m2/repository/jakarta/inject/jakarta.inject-api/2.0.0/jakarta.inject-api-2.0.0.jar:/home/hp/.m2/repository/org/antlr/antlr4-runtime/4.10.1/antlr4-runtime-4.10.1.jar:/home/hp/.m2/repository/org/springframework/data/spring-data-jpa/3.0.6/spring-data-jpa-3.0.6.jar:/home/hp/.m2/repository/org/springframework/data/spring-data-commons/3.0.6/spring-data-commons-3.0.6.jar:/home/hp/.m2/repository/org/springframework/spring-orm/6.0.9/spring-orm-6.0.9.jar:/home/hp/.m2/repository/org/springframework/spring-tx/6.0.9/spring-tx-6.0.9.jar:/home/hp/.m2/repository/org/springframework/spring-aspects/6.0.9/spring-aspects-6.0.9.jar:/home/hp/.m2/repository/org/springframework/boot/spring-boot-starter-security/3.1.4/spring-boot-starter-security-3.1.4.jar:/home/hp/.m2/repository/org/springframework/spring-aop/6.0.9/spring-aop-6.0.9.jar:/home/hp/.m2/repository/org/springframework/security/spring-security-config/6.0.3/spring-security-config-6.0.3.jar:/home/hp/.m2/repository/org/springframework/security/spring-security-core/6.0.3/spring-security-core-6.0.3.jar:/home/hp/.m2/repository/org/springframework/security/spring-security-crypto/6.0.3/spring-security-crypto-6.0.3.jar:/home/hp/.m2/repository/org/springframework/security/spring-security-web/6.0.3/spring-security-web-6.0.3.jar:/home/hp/.m2/repository/io/jsonwebtoken/jjwt-api/0.11.5/jjwt-api-0.11.5.jar:/home/hp/.m2/repository/io/jsonwebtoken/jjwt-impl/0.11.5/jjwt-impl-0.11.5.jar:/home/hp/.m2/repository/io/jsonwebtoken/jjwt-jackson/0.11.5/jjwt-jackson-0.11.5.jar:/home/hp/.m2/repository/com/fasterxml/jackson/core/jackson-databind/2.14.3/jackson-databind-2.14.3.jar:/home/hp/.m2/repository/com/fasterxml/jackson/core/jackson-annotations/2.14.3/jackson-annotations-2.14.3.jar:/home/hp/.m2/repository/com/fasterxml/jackson/core/jackson-core/2.14.3/jackson-core-2.14.3.jar:/home/hp/.m2/repository/org/junit/jupiter/junit-jupiter-api/5.9.3/junit-jupiter-api-5.9.3.jar:/home/hp/.m2/repository/org/opentest4j/opentest4j/1.2.0/opentest4j-1.2.0.jar:/home/hp/.m2/repository/org/junit/platform/junit-platform-commons/1.9.3/junit-platform-commons-1.9.3.jar:/home/hp/.m2/repository/org/apiguardian/apiguardian-api/1.1.2/apiguardian-api-1.1.2.jar:/home/hp/.m2/repository/org/junit/jupiter/junit-jupiter-engine/5.9.3/junit-jupiter-engine-5.9.3.jar:/home/hp/.m2/repository/org/junit/platform/junit-platform-engine/1.9.3/junit-platform-engine-1.9.3.jar:"/>
    <property name="sun.cpu.endian" value="little"/>
    <property name="user.home" value="/home/hp"/>
    <property name="user.language" value="en"/>
    <property name="java.specification.vendor" value="Oracle Corporation"/>
    <property name="java.version.date" value="2023-10-17"/>
    <property name="java.home" value="/usr/lib/jvm/java-17-openjdk-amd64"/>
    <property name="file.separator" value="/"/>
    <property name="basedir" value="/home/hp/Desktop/Bureau/Formation/Starter"/>
    <property name="java.vm.compressedOopsMode" value="Zero based"/>
    <property name="line.separator" value="&#10;"/>
    <property name="java.vm.specification.vendor" value="Oracle Corporation"/>
    <property name="java.specification.name" value="Java Platform API Specification"/>
    <property name="surefire.real.class.path" value="/home/hp/Desktop/Bureau/Formation/Starter/target/surefire/surefirebooter15539541686380978614.jar"/>
    <property name="sun.management.compiler" value="HotSpot 64-Bit Tiered Compilers"/>
    <property name="java.runtime.version" value="17.0.9+9-Ubuntu-122.04"/>
    <property name="user.name" value="hp"/>
    <property name="path.separator" value=":"/>
    <property name="os.version" value="6.2.0-39-generic"/>
    <property name="java.runtime.name" value="OpenJDK Runtime Environment"/>
    <property name="file.encoding" value="UTF-8"/>
    <property name="java.vm.name" value="OpenJDK 64-Bit Server VM"/>
    <property name="localRepository" value="/home/hp/.m2/repository"/>
    <property name="java.vendor.url.bug" value="Unknown"/>
    <property name="java.io.tmpdir" value="/tmp"/>
    <property name="java.version" value="17.0.9"/>
    <property name="user.dir" value="/home/hp/Desktop/Bureau/Formation/Starter"/>
    <property name="os.arch" value="amd64"/>
    <property name="java.vm.specification.name" value="Java Virtual Machine Specification"/>
    <property name="native.encoding" value="UTF-8"/>
    <property name="java.library.path" value="/usr/java/packages/lib:/usr/lib/x86_64-linux-gnu/jni:/lib/x86_64-linux-gnu:/usr/lib/x86_64-linux-gnu:/usr/lib/jni:/lib:/usr/lib"/>
    <property name="java.vm.info" value="mixed mode, sharing"/>
    <property name="java.vendor" value="Private Build"/>
    <property name="java.vm.version" value="17.0.9+9-Ubuntu-122.04"/>
    <property name="sun.io.unicode.encoding" value="UnicodeLittle"/>
    <property name="java.class.version" value="61.0"/>
  </properties>
  <testcase name="testGetCompanyServers" classname="com.example.bestteamproject.CompanyServiceTest" time="2.272"/>
</testsuite>